[INFO] Scanning for projects...
[INFO] 
[INFO] -----------------------< com.example:kafkaretry >-----------------------
[INFO] Building kafkaretry 0.0.1-SNAPSHOT
[INFO]   from pom.xml
[INFO] --------------------------------[ jar ]---------------------------------
[INFO] 
[INFO] --- clean:3.3.2:clean (default-clean) @ kafkaretry ---
[INFO] Deleting /home/tom/dev/git/kafkaretry/target
[INFO] 
[INFO] --- resources:3.3.1:resources (default-resources) @ kafkaretry ---
[INFO] Copying 1 resource from src/main/resources to target/classes
[INFO] Copying 0 resource from src/main/resources to target/classes
[INFO] 
[INFO] --- compiler:3.13.0:compile (default-compile) @ kafkaretry ---
[INFO] Recompiling the module because of changed source code.
[INFO] Compiling 2 source files with javac [debug parameters release 21] to target/classes
[INFO] Annotation processing is enabled because one or more processors were found
  on the class path. A future release of javac may disable annotation processing
  unless at least one processor is specified by name (-processor), or a search
  path is specified (--processor-path, --processor-module-path), or annotation
  processing is enabled explicitly (-proc:only, -proc:full).
  Use -Xlint:-options to suppress this message.
  Use -proc:none to disable annotation processing.
[INFO] 
[INFO] --- resources:3.3.1:testResources (default-testResources) @ kafkaretry ---
[INFO] Copying 1 resource from src/test/resources to target/test-classes
[INFO] 
[INFO] --- compiler:3.13.0:testCompile (default-testCompile) @ kafkaretry ---
[INFO] Recompiling the module because of changed dependency.
[INFO] Compiling 1 source file with javac [debug parameters release 21] to target/test-classes
[INFO] Annotation processing is enabled because one or more processors were found
  on the class path. A future release of javac may disable annotation processing
  unless at least one processor is specified by name (-processor), or a search
  path is specified (--processor-path, --processor-module-path), or annotation
  processing is enabled explicitly (-proc:only, -proc:full).
  Use -Xlint:-options to suppress this message.
  Use -proc:none to disable annotation processing.
[INFO] 
[INFO] --- surefire:3.2.5:test (default-test) @ kafkaretry ---
[INFO] Using auto detected provider org.apache.maven.surefire.junitplatform.JUnitPlatformProvider
[INFO] 
[INFO] -------------------------------------------------------
[INFO]  T E S T S
[INFO] -------------------------------------------------------
[INFO] Running com.example.kafkaretry.AutoStartTrueTest
15:14:52.653 [main] INFO org.testcontainers.images.PullPolicy -- Image pull policy will be performed by: DefaultPullPolicy()
15:14:52.658 [main] INFO org.testcontainers.utility.ImageNameSubstitutor -- Image name substitution will be performed by: DefaultImageNameSubstitutor (composite of 'ConfigurationFileImageNameSubstitutor' and 'PrefixingImageNameSubstitutor')
15:14:52.879 [main] INFO org.testcontainers.dockerclient.DockerClientProviderStrategy -- Loaded org.testcontainers.dockerclient.UnixSocketClientProviderStrategy from ~/.testcontainers.properties, will try it first
15:14:53.098 [main] INFO org.testcontainers.dockerclient.DockerClientProviderStrategy -- Found Docker environment with local Unix socket (unix:///var/run/docker.sock)
15:14:53.100 [main] INFO org.testcontainers.DockerClientFactory -- Docker host IP address is localhost
15:14:53.117 [main] INFO org.testcontainers.DockerClientFactory -- Connected to docker: 
  Server Version: 27.0.3
  API Version: 1.46
  Operating System: Ubuntu 24.04 LTS
  Total Memory: 15871 MB
15:14:53.144 [main] INFO tc.testcontainers/ryuk:0.7.0 -- Creating container for image: testcontainers/ryuk:0.7.0
15:14:53.268 [main] INFO tc.testcontainers/ryuk:0.7.0 -- Container testcontainers/ryuk:0.7.0 is starting: c71c5a8c62712055bd2175fedddfaaaeb6de3f19a47b9f4e7f24ccf0f5b4abdb
15:14:53.636 [main] INFO tc.testcontainers/ryuk:0.7.0 -- Container testcontainers/ryuk:0.7.0 started in PT0.491250781S
15:14:53.641 [main] INFO org.testcontainers.utility.RyukResourceReaper -- Ryuk started - will monitor and terminate Testcontainers containers on JVM exit
15:14:53.642 [main] INFO org.testcontainers.DockerClientFactory -- Checking the system...
15:14:53.642 [main] INFO org.testcontainers.DockerClientFactory -- ✔︎ Docker server version should be at least 1.6.0
15:14:53.643 [main] INFO tc.confluentinc/cp-kafka:7.6.1 -- Creating container for image: confluentinc/cp-kafka:7.6.1
15:14:53.668 [main] INFO tc.confluentinc/cp-kafka:7.6.1 -- Container confluentinc/cp-kafka:7.6.1 is starting: 2f856310172841502a79c69c167bfd582e7b5d60a25566700b59da7c1f8fb6d0
15:14:59.530 [main] INFO tc.confluentinc/cp-kafka:7.6.1 -- Container confluentinc/cp-kafka:7.6.1 started in PT5.886942184S
15:14:59.824 [main] INFO org.springframework.boot.test.context.SpringBootTestContextBootstrapper -- Found @SpringBootConfiguration com.example.kafkaretry.KafkaRetryApplication for test class com.example.kafkaretry.AutoStartTrueTest

  .   ____          _            __ _ _
 /\\ / ___'_ __ _ _(_)_ __  __ _ \ \ \ \
( ( )\___ | '_ | '_| | '_ \/ _` | \ \ \ \
 \\/  ___)| |_)| | | | | || (_| |  ) ) ) )
  '  |____| .__|_| |_|_| |_\__, | / / / /
 =========|_|==============|___/=/_/_/_/

 :: Spring Boot ::                (v3.3.2)

2024-07-28T15:15:00.216+02:00  INFO 51269 --- [kafka-retry] [           main] c.example.kafkaretry.AutoStartTrueTest   : Starting AutoStartTrueTest using Java 21.0.3 with PID 51269 (started by tom in /home/tom/dev/git/kafkaretry)
2024-07-28T15:15:00.217+02:00  INFO 51269 --- [kafka-retry] [           main] c.example.kafkaretry.AutoStartTrueTest   : No active profile set, falling back to 1 default profile: "default"
2024-07-28T15:15:01.254+02:00  INFO 51269 --- [kafka-retry] [           main] o.a.k.clients.admin.AdminClientConfig    : AdminClientConfig values: 
	auto.include.jmx.reporter = true
	bootstrap.controllers = []
	bootstrap.servers = [PLAINTEXT://localhost:32932]
	client.dns.lookup = use_all_dns_ips
	client.id = kafka-retry-admin-0
	connections.max.idle.ms = 300000
	default.api.timeout.ms = 60000
	enable.metrics.push = true
	metadata.max.age.ms = 300000
	metric.reporters = []
	metrics.num.samples = 2
	metrics.recording.level = INFO
	metrics.sample.window.ms = 30000
	receive.buffer.bytes = 65536
	reconnect.backoff.max.ms = 1000
	reconnect.backoff.ms = 50
	request.timeout.ms = 30000
	retries = 2147483647
	retry.backoff.max.ms = 1000
	retry.backoff.ms = 100
	sasl.client.callback.handler.class = null
	sasl.jaas.config = null
	sasl.kerberos.kinit.cmd = /usr/bin/kinit
	sasl.kerberos.min.time.before.relogin = 60000
	sasl.kerberos.service.name = null
	sasl.kerberos.ticket.renew.jitter = 0.05
	sasl.kerberos.ticket.renew.window.factor = 0.8
	sasl.login.callback.handler.class = null
	sasl.login.class = null
	sasl.login.connect.timeout.ms = null
	sasl.login.read.timeout.ms = null
	sasl.login.refresh.buffer.seconds = 300
	sasl.login.refresh.min.period.seconds = 60
	sasl.login.refresh.window.factor = 0.8
	sasl.login.refresh.window.jitter = 0.05
	sasl.login.retry.backoff.max.ms = 10000
	sasl.login.retry.backoff.ms = 100
	sasl.mechanism = GSSAPI
	sasl.oauthbearer.clock.skew.seconds = 30
	sasl.oauthbearer.expected.audience = null
	sasl.oauthbearer.expected.issuer = null
	sasl.oauthbearer.jwks.endpoint.refresh.ms = 3600000
	sasl.oauthbearer.jwks.endpoint.retry.backoff.max.ms = 10000
	sasl.oauthbearer.jwks.endpoint.retry.backoff.ms = 100
	sasl.oauthbearer.jwks.endpoint.url = null
	sasl.oauthbearer.scope.claim.name = scope
	sasl.oauthbearer.sub.claim.name = sub
	sasl.oauthbearer.token.endpoint.url = null
	security.protocol = PLAINTEXT
	security.providers = null
	send.buffer.bytes = 131072
	socket.connection.setup.timeout.max.ms = 30000
	socket.connection.setup.timeout.ms = 10000
	ssl.cipher.suites = null
	ssl.enabled.protocols = [TLSv1.2, TLSv1.3]
	ssl.endpoint.identification.algorithm = https
	ssl.engine.factory.class = null
	ssl.key.password = null
	ssl.keymanager.algorithm = SunX509
	ssl.keystore.certificate.chain = null
	ssl.keystore.key = null
	ssl.keystore.location = null
	ssl.keystore.password = null
	ssl.keystore.type = JKS
	ssl.protocol = TLSv1.3
	ssl.provider = null
	ssl.secure.random.implementation = null
	ssl.trustmanager.algorithm = PKIX
	ssl.truststore.certificates = null
	ssl.truststore.location = null
	ssl.truststore.password = null
	ssl.truststore.type = JKS

2024-07-28T15:15:01.402+02:00  INFO 51269 --- [kafka-retry] [           main] o.a.kafka.common.utils.AppInfoParser     : Kafka version: 3.7.1
2024-07-28T15:15:01.402+02:00  INFO 51269 --- [kafka-retry] [           main] o.a.kafka.common.utils.AppInfoParser     : Kafka commitId: e2494e6ffb89f828
2024-07-28T15:15:01.402+02:00  INFO 51269 --- [kafka-retry] [           main] o.a.kafka.common.utils.AppInfoParser     : Kafka startTimeMs: 1722172501401
2024-07-28T15:15:01.961+02:00  INFO 51269 --- [kafka-retry] [a-retry-admin-0] o.a.kafka.common.utils.AppInfoParser     : App info kafka.admin.client for kafka-retry-admin-0 unregistered
2024-07-28T15:15:01.969+02:00  INFO 51269 --- [kafka-retry] [a-retry-admin-0] o.apache.kafka.common.metrics.Metrics    : Metrics scheduler closed
2024-07-28T15:15:01.969+02:00  INFO 51269 --- [kafka-retry] [a-retry-admin-0] o.apache.kafka.common.metrics.Metrics    : Closing reporter org.apache.kafka.common.metrics.JmxReporter
2024-07-28T15:15:01.969+02:00  INFO 51269 --- [kafka-retry] [a-retry-admin-0] o.apache.kafka.common.metrics.Metrics    : Metrics reporters closed
2024-07-28T15:15:01.994+02:00  INFO 51269 --- [kafka-retry] [           main] c.example.kafkaretry.AutoStartTrueTest   : Started AutoStartTrueTest in 2.049 seconds (process running for 10.029)
2024-07-28T15:15:01.998+02:00  INFO 51269 --- [kafka-retry] [           main] c.example.kafkaretry.AutoStartTrueTest   : Listener not running - starting.
2024-07-28T15:15:02.025+02:00  INFO 51269 --- [kafka-retry] [           main] o.a.k.clients.consumer.ConsumerConfig    : ConsumerConfig values: 
	allow.auto.create.topics = true
	auto.commit.interval.ms = 5000
	auto.include.jmx.reporter = true
	auto.offset.reset = latest
	bootstrap.servers = [PLAINTEXT://localhost:32932]
	check.crcs = true
	client.dns.lookup = use_all_dns_ips
	client.id = consumer-my-group-id-1
	client.rack = 
	connections.max.idle.ms = 540000
	default.api.timeout.ms = 60000
	enable.auto.commit = false
	enable.metrics.push = true
	exclude.internal.topics = true
	fetch.max.bytes = 52428800
	fetch.max.wait.ms = 500
	fetch.min.bytes = 1
	group.id = my-group-id
	group.instance.id = null
	group.protocol = classic
	group.remote.assignor = null
	heartbeat.interval.ms = 3000
	interceptor.classes = []
	internal.leave.group.on.close = true
	internal.throw.on.fetch.stable.offset.unsupported = false
	isolation.level = read_uncommitted
	key.deserializer = class org.springframework.kafka.support.serializer.ErrorHandlingDeserializer
	max.partition.fetch.bytes = 1048576
	max.poll.interval.ms = 300000
	max.poll.records = 500
	metadata.max.age.ms = 300000
	metric.reporters = []
	metrics.num.samples = 2
	metrics.recording.level = INFO
	metrics.sample.window.ms = 30000
	partition.assignment.strategy = [class org.apache.kafka.clients.consumer.RangeAssignor, class org.apache.kafka.clients.consumer.CooperativeStickyAssignor]
	receive.buffer.bytes = 65536
	reconnect.backoff.max.ms = 1000
	reconnect.backoff.ms = 50
	request.timeout.ms = 30000
	retry.backoff.max.ms = 1000
	retry.backoff.ms = 100
	sasl.client.callback.handler.class = null
	sasl.jaas.config = null
	sasl.kerberos.kinit.cmd = /usr/bin/kinit
	sasl.kerberos.min.time.before.relogin = 60000
	sasl.kerberos.service.name = null
	sasl.kerberos.ticket.renew.jitter = 0.05
	sasl.kerberos.ticket.renew.window.factor = 0.8
	sasl.login.callback.handler.class = null
	sasl.login.class = null
	sasl.login.connect.timeout.ms = null
	sasl.login.read.timeout.ms = null
	sasl.login.refresh.buffer.seconds = 300
	sasl.login.refresh.min.period.seconds = 60
	sasl.login.refresh.window.factor = 0.8
	sasl.login.refresh.window.jitter = 0.05
	sasl.login.retry.backoff.max.ms = 10000
	sasl.login.retry.backoff.ms = 100
	sasl.mechanism = GSSAPI
	sasl.oauthbearer.clock.skew.seconds = 30
	sasl.oauthbearer.expected.audience = null
	sasl.oauthbearer.expected.issuer = null
	sasl.oauthbearer.jwks.endpoint.refresh.ms = 3600000
	sasl.oauthbearer.jwks.endpoint.retry.backoff.max.ms = 10000
	sasl.oauthbearer.jwks.endpoint.retry.backoff.ms = 100
	sasl.oauthbearer.jwks.endpoint.url = null
	sasl.oauthbearer.scope.claim.name = scope
	sasl.oauthbearer.sub.claim.name = sub
	sasl.oauthbearer.token.endpoint.url = null
	security.protocol = PLAINTEXT
	security.providers = null
	send.buffer.bytes = 131072
	session.timeout.ms = 45000
	socket.connection.setup.timeout.max.ms = 30000
	socket.connection.setup.timeout.ms = 10000
	ssl.cipher.suites = null
	ssl.enabled.protocols = [TLSv1.2, TLSv1.3]
	ssl.endpoint.identification.algorithm = https
	ssl.engine.factory.class = null
	ssl.key.password = null
	ssl.keymanager.algorithm = SunX509
	ssl.keystore.certificate.chain = null
	ssl.keystore.key = null
	ssl.keystore.location = null
	ssl.keystore.password = null
	ssl.keystore.type = JKS
	ssl.protocol = TLSv1.3
	ssl.provider = null
	ssl.secure.random.implementation = null
	ssl.trustmanager.algorithm = PKIX
	ssl.truststore.certificates = null
	ssl.truststore.location = null
	ssl.truststore.password = null
	ssl.truststore.type = JKS
	value.deserializer = class org.springframework.kafka.support.serializer.ErrorHandlingDeserializer

2024-07-28T15:15:02.051+02:00  INFO 51269 --- [kafka-retry] [           main] o.a.k.c.t.i.KafkaMetricsCollector        : initializing Kafka metrics collector
2024-07-28T15:15:02.086+02:00  INFO 51269 --- [kafka-retry] [           main] o.a.kafka.common.utils.AppInfoParser     : Kafka version: 3.7.1
2024-07-28T15:15:02.087+02:00  INFO 51269 --- [kafka-retry] [           main] o.a.kafka.common.utils.AppInfoParser     : Kafka commitId: e2494e6ffb89f828
2024-07-28T15:15:02.087+02:00  INFO 51269 --- [kafka-retry] [           main] o.a.kafka.common.utils.AppInfoParser     : Kafka startTimeMs: 1722172502086
2024-07-28T15:15:02.089+02:00  INFO 51269 --- [kafka-retry] [           main] o.a.k.c.c.internals.LegacyKafkaConsumer  : [Consumer clientId=consumer-my-group-id-1, groupId=my-group-id] Subscribed to topic(s): topic-foo
2024-07-28T15:15:02.112+02:00  INFO 51269 --- [kafka-retry] [stenerFoo-0-C-1] org.apache.kafka.clients.Metadata        : [Consumer clientId=consumer-my-group-id-1, groupId=my-group-id] Cluster ID: 0ALdmhTcSymQchdsxWvQvw
2024-07-28T15:15:02.253+02:00  INFO 51269 --- [kafka-retry] [stenerFoo-0-C-1] o.a.k.c.c.internals.ConsumerCoordinator  : [Consumer clientId=consumer-my-group-id-1, groupId=my-group-id] Discovered group coordinator localhost:32932 (id: 2147483646 rack: null)
2024-07-28T15:15:02.255+02:00  INFO 51269 --- [kafka-retry] [stenerFoo-0-C-1] o.a.k.c.c.internals.ConsumerCoordinator  : [Consumer clientId=consumer-my-group-id-1, groupId=my-group-id] (Re-)joining group
2024-07-28T15:15:02.284+02:00  INFO 51269 --- [kafka-retry] [stenerFoo-0-C-1] o.a.k.c.c.internals.ConsumerCoordinator  : [Consumer clientId=consumer-my-group-id-1, groupId=my-group-id] Request joining group due to: need to re-join with the given member-id: consumer-my-group-id-1-5cd0a34b-7de5-4257-8f68-d424c4873cfe
2024-07-28T15:15:02.285+02:00  INFO 51269 --- [kafka-retry] [stenerFoo-0-C-1] o.a.k.c.c.internals.ConsumerCoordinator  : [Consumer clientId=consumer-my-group-id-1, groupId=my-group-id] (Re-)joining group
2024-07-28T15:15:02.314+02:00  INFO 51269 --- [kafka-retry] [stenerFoo-0-C-1] o.a.k.c.c.internals.ConsumerCoordinator  : [Consumer clientId=consumer-my-group-id-1, groupId=my-group-id] Successfully joined group with generation Generation{generationId=1, memberId='consumer-my-group-id-1-5cd0a34b-7de5-4257-8f68-d424c4873cfe', protocol='range'}
2024-07-28T15:15:02.323+02:00  INFO 51269 --- [kafka-retry] [stenerFoo-0-C-1] o.a.k.c.c.internals.ConsumerCoordinator  : [Consumer clientId=consumer-my-group-id-1, groupId=my-group-id] Finished assignment for group at generation 1: {consumer-my-group-id-1-5cd0a34b-7de5-4257-8f68-d424c4873cfe=Assignment(partitions=[topic-foo-0])}
2024-07-28T15:15:02.377+02:00  INFO 51269 --- [kafka-retry] [stenerFoo-0-C-1] o.a.k.c.c.internals.ConsumerCoordinator  : [Consumer clientId=consumer-my-group-id-1, groupId=my-group-id] Successfully synced group in generation Generation{generationId=1, memberId='consumer-my-group-id-1-5cd0a34b-7de5-4257-8f68-d424c4873cfe', protocol='range'}
2024-07-28T15:15:02.378+02:00  INFO 51269 --- [kafka-retry] [stenerFoo-0-C-1] o.a.k.c.c.internals.ConsumerCoordinator  : [Consumer clientId=consumer-my-group-id-1, groupId=my-group-id] Notifying assignor about the new Assignment(partitions=[topic-foo-0])
2024-07-28T15:15:02.380+02:00  INFO 51269 --- [kafka-retry] [stenerFoo-0-C-1] k.c.c.i.ConsumerRebalanceListenerInvoker : [Consumer clientId=consumer-my-group-id-1, groupId=my-group-id] Adding newly assigned partitions: topic-foo-0
2024-07-28T15:15:02.394+02:00  INFO 51269 --- [kafka-retry] [stenerFoo-0-C-1] o.a.k.c.c.internals.ConsumerCoordinator  : [Consumer clientId=consumer-my-group-id-1, groupId=my-group-id] Found no committed offset for partition topic-foo-0
2024-07-28T15:15:02.399+02:00  INFO 51269 --- [kafka-retry] [stenerFoo-0-C-1] o.a.k.c.c.internals.ConsumerCoordinator  : [Consumer clientId=consumer-my-group-id-1, groupId=my-group-id] Found no committed offset for partition topic-foo-0
2024-07-28T15:15:02.412+02:00  INFO 51269 --- [kafka-retry] [stenerFoo-0-C-1] o.a.k.c.c.internals.SubscriptionState    : [Consumer clientId=consumer-my-group-id-1, groupId=my-group-id] Resetting offset for partition topic-foo-0 to position FetchPosition{offset=0, offsetEpoch=Optional.empty, currentLeader=LeaderAndEpoch{leader=Optional[localhost:32932 (id: 1 rack: null)], epoch=0}}.
2024-07-28T15:15:02.440+02:00  INFO 51269 --- [kafka-retry] [stenerFoo-0-C-1] o.s.k.l.KafkaMessageListenerContainer    : my-group-id: partitions assigned: [topic-foo-0]
2024-07-28T15:15:02.875+02:00  INFO 51269 --- [kafka-retry] [           main] o.a.k.clients.producer.ProducerConfig    : ProducerConfig values: 
	acks = -1
	auto.include.jmx.reporter = true
	batch.size = 16384
	bootstrap.servers = [PLAINTEXT://localhost:32932]
	buffer.memory = 33554432
	client.dns.lookup = use_all_dns_ips
	client.id = kafka-retry-producer-1
	compression.type = none
	connections.max.idle.ms = 540000
	delivery.timeout.ms = 120000
	enable.idempotence = true
	enable.metrics.push = true
	interceptor.classes = []
	key.serializer = class org.apache.kafka.common.serialization.StringSerializer
	linger.ms = 0
	max.block.ms = 60000
	max.in.flight.requests.per.connection = 5
	max.request.size = 1048576
	metadata.max.age.ms = 300000
	metadata.max.idle.ms = 300000
	metric.reporters = []
	metrics.num.samples = 2
	metrics.recording.level = INFO
	metrics.sample.window.ms = 30000
	partitioner.adaptive.partitioning.enable = true
	partitioner.availability.timeout.ms = 0
	partitioner.class = null
	partitioner.ignore.keys = false
	receive.buffer.bytes = 32768
	reconnect.backoff.max.ms = 1000
	reconnect.backoff.ms = 50
	request.timeout.ms = 30000
	retries = 2147483647
	retry.backoff.max.ms = 1000
	retry.backoff.ms = 100
	sasl.client.callback.handler.class = null
	sasl.jaas.config = null
	sasl.kerberos.kinit.cmd = /usr/bin/kinit
	sasl.kerberos.min.time.before.relogin = 60000
	sasl.kerberos.service.name = null
	sasl.kerberos.ticket.renew.jitter = 0.05
	sasl.kerberos.ticket.renew.window.factor = 0.8
	sasl.login.callback.handler.class = null
	sasl.login.class = null
	sasl.login.connect.timeout.ms = null
	sasl.login.read.timeout.ms = null
	sasl.login.refresh.buffer.seconds = 300
	sasl.login.refresh.min.period.seconds = 60
	sasl.login.refresh.window.factor = 0.8
	sasl.login.refresh.window.jitter = 0.05
	sasl.login.retry.backoff.max.ms = 10000
	sasl.login.retry.backoff.ms = 100
	sasl.mechanism = GSSAPI
	sasl.oauthbearer.clock.skew.seconds = 30
	sasl.oauthbearer.expected.audience = null
	sasl.oauthbearer.expected.issuer = null
	sasl.oauthbearer.jwks.endpoint.refresh.ms = 3600000
	sasl.oauthbearer.jwks.endpoint.retry.backoff.max.ms = 10000
	sasl.oauthbearer.jwks.endpoint.retry.backoff.ms = 100
	sasl.oauthbearer.jwks.endpoint.url = null
	sasl.oauthbearer.scope.claim.name = scope
	sasl.oauthbearer.sub.claim.name = sub
	sasl.oauthbearer.token.endpoint.url = null
	security.protocol = PLAINTEXT
	security.providers = null
	send.buffer.bytes = 131072
	socket.connection.setup.timeout.max.ms = 30000
	socket.connection.setup.timeout.ms = 10000
	ssl.cipher.suites = null
	ssl.enabled.protocols = [TLSv1.2, TLSv1.3]
	ssl.endpoint.identification.algorithm = https
	ssl.engine.factory.class = null
	ssl.key.password = null
	ssl.keymanager.algorithm = SunX509
	ssl.keystore.certificate.chain = null
	ssl.keystore.key = null
	ssl.keystore.location = null
	ssl.keystore.password = null
	ssl.keystore.type = JKS
	ssl.protocol = TLSv1.3
	ssl.provider = null
	ssl.secure.random.implementation = null
	ssl.trustmanager.algorithm = PKIX
	ssl.truststore.certificates = null
	ssl.truststore.location = null
	ssl.truststore.password = null
	ssl.truststore.type = JKS
	transaction.timeout.ms = 60000
	transactional.id = null
	value.serializer = class org.apache.kafka.common.serialization.StringSerializer

2024-07-28T15:15:02.876+02:00  INFO 51269 --- [kafka-retry] [           main] o.a.k.c.t.i.KafkaMetricsCollector        : initializing Kafka metrics collector
2024-07-28T15:15:02.883+02:00  INFO 51269 --- [kafka-retry] [           main] o.a.k.clients.producer.KafkaProducer     : [Producer clientId=kafka-retry-producer-1] Instantiated an idempotent producer.
2024-07-28T15:15:02.897+02:00  INFO 51269 --- [kafka-retry] [           main] o.a.kafka.common.utils.AppInfoParser     : Kafka version: 3.7.1
2024-07-28T15:15:02.897+02:00  INFO 51269 --- [kafka-retry] [           main] o.a.kafka.common.utils.AppInfoParser     : Kafka commitId: e2494e6ffb89f828
2024-07-28T15:15:02.897+02:00  INFO 51269 --- [kafka-retry] [           main] o.a.kafka.common.utils.AppInfoParser     : Kafka startTimeMs: 1722172502897
2024-07-28T15:15:02.906+02:00  INFO 51269 --- [kafka-retry] [etry-producer-1] org.apache.kafka.clients.Metadata        : [Producer clientId=kafka-retry-producer-1] Cluster ID: 0ALdmhTcSymQchdsxWvQvw
2024-07-28T15:15:03.022+02:00  INFO 51269 --- [kafka-retry] [etry-producer-1] o.a.k.c.p.internals.TransactionManager   : [Producer clientId=kafka-retry-producer-1] ProducerId set to 0 with epoch 0
2024-07-28T15:15:03.072+02:00  INFO 51269 --- [kafka-retry] [stenerFoo-0-C-1] c.example.kafkaretry.FooKafkaListener    : Received event test-value with key test-key - attempt: 1
2024-07-28T15:15:03.072+02:00  WARN 51269 --- [kafka-retry] [stenerFoo-0-C-1] c.example.kafkaretry.FooKafkaListener    : Exception during attempt 1
2024-07-28T15:15:13.096+02:00  INFO 51269 --- [kafka-retry] [stenerFoo-0-C-1] org.apache.kafka.clients.NetworkClient   : [Consumer clientId=consumer-my-group-id-1, groupId=my-group-id] Node 2147483646 disconnected.
2024-07-28T15:15:13.096+02:00  INFO 51269 --- [kafka-retry] [etry-producer-1] org.apache.kafka.clients.NetworkClient   : [Producer clientId=kafka-retry-producer-1] Node -1 disconnected.
2024-07-28T15:15:13.100+02:00  INFO 51269 --- [kafka-retry] [etry-producer-1] org.apache.kafka.clients.NetworkClient   : [Producer clientId=kafka-retry-producer-1] Node 1 disconnected.
2024-07-28T15:15:13.100+02:00  INFO 51269 --- [kafka-retry] [d | my-group-id] org.apache.kafka.clients.NetworkClient   : [Consumer clientId=consumer-my-group-id-1, groupId=my-group-id] Node 1 disconnected.
2024-07-28T15:15:13.100+02:00  INFO 51269 --- [kafka-retry] [etry-producer-1] org.apache.kafka.clients.NetworkClient   : [Producer clientId=kafka-retry-producer-1] Cancelled in-flight METADATA request with correlation id 9 due to node 1 being disconnected (elapsed time since creation: 1ms, elapsed time since send: 1ms, request timeout: 30000ms)
2024-07-28T15:15:13.100+02:00  INFO 51269 --- [kafka-retry] [d | my-group-id] org.apache.kafka.clients.NetworkClient   : [Consumer clientId=consumer-my-group-id-1, groupId=my-group-id] Cancelled in-flight FETCH request with correlation id 41 due to node 1 being disconnected (elapsed time since creation: 374ms, elapsed time since send: 374ms, request timeout: 30000ms)
2024-07-28T15:15:13.100+02:00  INFO 51269 --- [kafka-retry] [d | my-group-id] org.apache.kafka.clients.NetworkClient   : [Consumer clientId=consumer-my-group-id-1, groupId=my-group-id] Cancelled in-flight METADATA request with correlation id 42 due to node 1 being disconnected (elapsed time since creation: 275ms, elapsed time since send: 275ms, request timeout: 30000ms)
2024-07-28T15:15:13.101+02:00  INFO 51269 --- [kafka-retry] [d | my-group-id] org.apache.kafka.clients.NetworkClient   : [Consumer clientId=consumer-my-group-id-1, groupId=my-group-id] Node -1 disconnected.
2024-07-28T15:15:13.101+02:00  INFO 51269 --- [kafka-retry] [d | my-group-id] o.a.kafka.clients.FetchSessionHandler    : [Consumer clientId=consumer-my-group-id-1, groupId=my-group-id] Error sending fetch request (sessionId=252687082, epoch=21) to node 1:

org.apache.kafka.common.errors.DisconnectException: null

2024-07-28T15:15:13.103+02:00  INFO 51269 --- [kafka-retry] [d | my-group-id] o.a.k.c.c.internals.ConsumerCoordinator  : [Consumer clientId=consumer-my-group-id-1, groupId=my-group-id] Group coordinator localhost:32932 (id: 2147483646 rack: null) is unavailable or invalid due to cause: coordinator unavailable. isDisconnected: true. Rediscovery will be attempted.
2024-07-28T15:15:13.210+02:00  INFO 51269 --- [kafka-retry] [stenerFoo-0-C-1] org.apache.kafka.clients.NetworkClient   : [Consumer clientId=consumer-my-group-id-1, groupId=my-group-id] Node 1 disconnected.
2024-07-28T15:15:13.211+02:00  WARN 51269 --- [kafka-retry] [stenerFoo-0-C-1] org.apache.kafka.clients.NetworkClient   : [Consumer clientId=consumer-my-group-id-1, groupId=my-group-id] Connection to node 1 (localhost/127.0.0.1:32932) could not be established. Node may not be available.
2024-07-28T15:15:13.212+02:00  INFO 51269 --- [kafka-retry] [etry-producer-1] org.apache.kafka.clients.NetworkClient   : [Producer clientId=kafka-retry-producer-1] Node 1 disconnected.
2024-07-28T15:15:13.213+02:00  WARN 51269 --- [kafka-retry] [etry-producer-1] org.apache.kafka.clients.NetworkClient   : [Producer clientId=kafka-retry-producer-1] Connection to node 1 (localhost/127.0.0.1:32932) could not be established. Node may not be available.
[ERROR] Tests run: 1, Failures: 0, Errors: 1, Skipped: 0, Time elapsed: 20.77 s <<< FAILURE! -- in com.example.kafkaretry.AutoStartTrueTest
[ERROR] com.example.kafkaretry.AutoStartTrueTest.retryWorks -- Time elapsed: 10.94 s <<< ERROR!
org.awaitility.core.ConditionTimeoutException: Condition with Lambda expression in com.example.kafkaretry.AutoStartTrueTest was not fulfilled within 10 seconds.
	at org.awaitility.core.ConditionAwaiter.await(ConditionAwaiter.java:167)
	at org.awaitility.core.CallableCondition.await(CallableCondition.java:78)
	at org.awaitility.core.CallableCondition.await(CallableCondition.java:26)
	at org.awaitility.core.ConditionFactory.until(ConditionFactory.java:1006)
	at org.awaitility.core.ConditionFactory.until(ConditionFactory.java:975)
	at com.example.kafkaretry.AutoStartTrueTest.retryWorks(AutoStartTrueTest.java:50)
	at java.base/java.lang.reflect.Method.invoke(Method.java:580)
	at java.base/java.util.ArrayList.forEach(ArrayList.java:1596)
	at java.base/java.util.ArrayList.forEach(ArrayList.java:1596)

[INFO] 
[INFO] Results:
[INFO] 
[ERROR] Errors: 
[ERROR]   AutoStartTrueTest.retryWorks:50 » ConditionTimeout Condition with Lambda expression in com.example.kafkaretry.AutoStartTrueTest was not fulfilled within 10 seconds.
[INFO] 
[ERROR] Tests run: 1, Failures: 0, Errors: 1, Skipped: 0
[INFO] 
[INFO] ------------------------------------------------------------------------
[INFO] BUILD FAILURE
[INFO] ------------------------------------------------------------------------
[INFO] Total time:  25.051 s
[INFO] Finished at: 2024-07-28T15:15:13+02:00
[INFO] ------------------------------------------------------------------------
[ERROR] Failed to execute goal org.apache.maven.plugins:maven-surefire-plugin:3.2.5:test (default-test) on project kafkaretry: 
[ERROR] 
[ERROR] Please refer to /home/tom/dev/git/kafkaretry/target/surefire-reports for the individual test results.
[ERROR] Please refer to dump files (if any exist) [date].dump, [date]-jvmRun[N].dump and [date].dumpstream.
[ERROR] -> [Help 1]
[ERROR] 
[ERROR] To see the full stack trace of the errors, re-run Maven with the -e switch.
[ERROR] Re-run Maven using the -X switch to enable full debug logging.
[ERROR] 
[ERROR] For more information about the errors and possible solutions, please read the following articles:
[ERROR] [Help 1] http://cwiki.apache.org/confluence/display/MAVEN/MojoFailureException
